{
  "RSpec": {
    "coverage": {
      "/Users/xainstorey/Desktop/Makers/challenges/bookmark_manager/spec/features/adding_bookmarks_spec.rb": [
        1,
        1,
        1,
        1,
        1,
        1,
        null,
        1,
        null,
        null
      ],
      "/Users/xainstorey/Desktop/Makers/challenges/bookmark_manager/spec/features/deleting_bookmarks_spec.rb": [
        1,
        1,
        1,
        1,
        1,
        null,
        1,
        null,
        1,
        1,
        null,
        null
      ],
      "/Users/xainstorey/Desktop/Makers/challenges/bookmark_manager/spec/features/test_spec.rb": [
        1,
        1,
        1,
        1,
        null,
        null
      ],
      "/Users/xainstorey/Desktop/Makers/challenges/bookmark_manager/spec/features/updating_bookmark_spec.rb": [
        1,
        1,
        1,
        1,
        1,
        null,
        1,
        1,
        null,
        1,
        0,
        0,
        null,
        0,
        0,
        0,
        null,
        null
      ],
      "/Users/xainstorey/Desktop/Makers/challenges/bookmark_manager/spec/features/viewing_bookmarks_spec.rb": [
        1,
        null,
        1,
        1,
        null,
        1,
        1,
        1,
        null,
        null,
        1,
        null,
        1,
        1,
        1,
        null,
        null
      ],
      "/Users/xainstorey/Desktop/Makers/challenges/bookmark_manager/spec/units/bookmark_spec.rb": [
        1,
        null,
        1,
        null,
        1,
        1,
        1,
        null,
        null,
        1,
        1,
        1,
        null,
        1,
        null,
        1,
        1,
        1,
        1,
        1,
        null,
        null,
        null,
        1,
        1,
        1,
        1,
        null,
        1,
        1,
        1,
        1,
        null,
        null,
        null,
        1,
        1,
        1,
        null,
        1,
        null,
        1,
        null,
        null,
        null,
        null
      ],
      "/Users/xainstorey/Desktop/Makers/challenges/bookmark_manager/spec/database_helpers.rb": [
        1,
        null,
        1,
        1,
        1,
        1,
        null
      ]
    },
    "timestamp": 1556288689
  }
}
